{"D:\\jetset\\JetSetApp\\app\\resources\\FlightData.js": {"path":"D:\\jetset\\JetSetApp\\app\\resources\\FlightData.js","statementMap":{"0":{"start":{"line":1,"column":26},"end":{"line":26,"column":1}}},"fnMap":{},"branchMap":{},"s":{"0":1},"f":{},"b":{},"_coverageSchema":"43e27e138ebf9cfc5966b082cf9a028302ed4184","hash":"3d553d405ccd92e367bb0bc9725b0ccc1508ff07"}
,"D:\\jetset\\JetSetApp\\app\\resources\\SaveData.js": {"path":"D:\\jetset\\JetSetApp\\app\\resources\\SaveData.js","statementMap":{"0":{"start":{"line":17,"column":12},"end":{"line":20,"column":5}},"1":{"start":{"line":27,"column":20},"end":{"line":29,"column":5}},"2":{"start":{"line":28,"column":8},"end":{"line":28,"column":40}},"3":{"start":{"line":36,"column":21},"end":{"line":38,"column":5}},"4":{"start":{"line":37,"column":8},"end":{"line":37,"column":41}},"5":{"start":{"line":46,"column":26},"end":{"line":86,"column":5}},"6":{"start":{"line":49,"column":29},"end":{"line":49,"column":68}},"7":{"start":{"line":52,"column":25},"end":{"line":52,"column":62}},"8":{"start":{"line":54,"column":8},"end":{"line":84,"column":9}},"9":{"start":{"line":56,"column":29},"end":{"line":56,"column":42}},"10":{"start":{"line":57,"column":16},"end":{"line":79,"column":17}},"11":{"start":{"line":60,"column":41},"end":{"line":60,"column":83}},"12":{"start":{"line":62,"column":20},"end":{"line":76,"column":21}},"13":{"start":{"line":66,"column":43},"end":{"line":66,"column":56}},"14":{"start":{"line":67,"column":28},"end":{"line":67,"column":82}},"15":{"start":{"line":68,"column":28},"end":{"line":68,"column":67}},"16":{"start":{"line":69,"column":28},"end":{"line":69,"column":40}},"17":{"start":{"line":74,"column":28},"end":{"line":74,"column":45}},"18":{"start":{"line":78,"column":20},"end":{"line":78,"column":76}},"19":{"start":{"line":82,"column":16},"end":{"line":82,"column":33}},"20":{"start":{"line":85,"column":8},"end":{"line":85,"column":21}},"21":{"start":{"line":96,"column":25},"end":{"line":126,"column":5}},"22":{"start":{"line":99,"column":29},"end":{"line":99,"column":68}},"23":{"start":{"line":102,"column":25},"end":{"line":102,"column":62}},"24":{"start":{"line":103,"column":8},"end":{"line":124,"column":10}},"25":{"start":{"line":107,"column":37},"end":{"line":107,"column":86}},"26":{"start":{"line":108,"column":16},"end":{"line":120,"column":17}},"27":{"start":{"line":112,"column":24},"end":{"line":112,"column":72}},"28":{"start":{"line":113,"column":24},"end":{"line":113,"column":36}},"29":{"start":{"line":118,"column":24},"end":{"line":118,"column":67}},"30":{"start":{"line":122,"column":16},"end":{"line":122,"column":33}},"31":{"start":{"line":125,"column":8},"end":{"line":125,"column":21}},"32":{"start":{"line":134,"column":24},"end":{"line":170,"column":5}},"33":{"start":{"line":137,"column":30},"end":{"line":137,"column":69}},"34":{"start":{"line":140,"column":25},"end":{"line":140,"column":63}},"35":{"start":{"line":142,"column":8},"end":{"line":168,"column":9}},"36":{"start":{"line":144,"column":29},"end":{"line":144,"column":42}},"37":{"start":{"line":145,"column":16},"end":{"line":163,"column":17}},"38":{"start":{"line":148,"column":42},"end":{"line":148,"column":79}},"39":{"start":{"line":149,"column":20},"end":{"line":161,"column":21}},"40":{"start":{"line":153,"column":28},"end":{"line":153,"column":72}},"41":{"start":{"line":154,"column":28},"end":{"line":154,"column":40}},"42":{"start":{"line":159,"column":28},"end":{"line":159,"column":45}},"43":{"start":{"line":166,"column":16},"end":{"line":166,"column":56}},"44":{"start":{"line":169,"column":8},"end":{"line":169,"column":21}},"45":{"start":{"line":178,"column":22},"end":{"line":199,"column":5}},"46":{"start":{"line":181,"column":29},"end":{"line":181,"column":68}},"47":{"start":{"line":184,"column":25},"end":{"line":196,"column":9}},"48":{"start":{"line":187,"column":16},"end":{"line":187,"column":36}},"49":{"start":{"line":188,"column":16},"end":{"line":188,"column":30}},"50":{"start":{"line":193,"column":16},"end":{"line":193,"column":33}},"51":{"start":{"line":194,"column":16},"end":{"line":194,"column":29}},"52":{"start":{"line":198,"column":8},"end":{"line":198,"column":23}},"53":{"start":{"line":207,"column":29},"end":{"line":223,"column":5}},"54":{"start":{"line":210,"column":26},"end":{"line":210,"column":85}},"55":{"start":{"line":211,"column":8},"end":{"line":221,"column":9}},"56":{"start":{"line":214,"column":16},"end":{"line":214,"column":36}},"57":{"start":{"line":215,"column":16},"end":{"line":215,"column":30}},"58":{"start":{"line":219,"column":16},"end":{"line":219,"column":33}},"59":{"start":{"line":222,"column":8},"end":{"line":222,"column":21}},"60":{"start":{"line":225,"column":31},"end":{"line":237,"column":5}},"61":{"start":{"line":227,"column":26},"end":{"line":236,"column":9}},"62":{"start":{"line":229,"column":31},"end":{"line":229,"column":54}},"63":{"start":{"line":230,"column":16},"end":{"line":230,"column":65}},"64":{"start":{"line":233,"column":31},"end":{"line":233,"column":63}},"65":{"start":{"line":234,"column":16},"end":{"line":234,"column":65}},"66":{"start":{"line":239,"column":28},"end":{"line":285,"column":5}},"67":{"start":{"line":241,"column":26},"end":{"line":241,"column":85}},"68":{"start":{"line":242,"column":8},"end":{"line":284,"column":9}},"69":{"start":{"line":245,"column":16},"end":{"line":278,"column":17}},"70":{"start":{"line":245,"column":29},"end":{"line":245,"column":30}},"71":{"start":{"line":246,"column":35},"end":{"line":246,"column":44}},"72":{"start":{"line":247,"column":42},"end":{"line":247,"column":81}},"73":{"start":{"line":248,"column":37},"end":{"line":248,"column":75}},"74":{"start":{"line":250,"column":20},"end":{"line":277,"column":21}},"75":{"start":{"line":252,"column":41},"end":{"line":252,"column":54}},"76":{"start":{"line":253,"column":28},"end":{"line":272,"column":29}},"77":{"start":{"line":256,"column":54},"end":{"line":256,"column":91}},"78":{"start":{"line":258,"column":32},"end":{"line":270,"column":33}},"79":{"start":{"line":262,"column":40},"end":{"line":262,"column":84}},"80":{"start":{"line":263,"column":40},"end":{"line":263,"column":52}},"81":{"start":{"line":268,"column":40},"end":{"line":268,"column":57}},"82":{"start":{"line":275,"column":28},"end":{"line":275,"column":68}},"83":{"start":{"line":282,"column":16},"end":{"line":282,"column":33}},"84":{"start":{"line":291,"column":8},"end":{"line":345,"column":9}},"85":{"start":{"line":309,"column":35},"end":{"line":309,"column":92}},"86":{"start":{"line":315,"column":35},"end":{"line":315,"column":71}},"87":{"start":{"line":321,"column":35},"end":{"line":321,"column":69}},"88":{"start":{"line":327,"column":35},"end":{"line":327,"column":57}},"89":{"start":{"line":333,"column":35},"end":{"line":333,"column":93}},"90":{"start":{"line":339,"column":35},"end":{"line":339,"column":56}},"91":{"start":{"line":352,"column":15},"end":{"line":371,"column":2}}},"fnMap":{"0":{"name":"(anonymous_0)","decl":{"start":{"line":27,"column":20},"end":{"line":27,"column":21}},"loc":{"start":{"line":27,"column":30},"end":{"line":29,"column":5}},"line":27},"1":{"name":"(anonymous_1)","decl":{"start":{"line":36,"column":21},"end":{"line":36,"column":22}},"loc":{"start":{"line":36,"column":31},"end":{"line":38,"column":5}},"line":36},"2":{"name":"(anonymous_2)","decl":{"start":{"line":46,"column":26},"end":{"line":46,"column":27}},"loc":{"start":{"line":46,"column":46},"end":{"line":86,"column":5}},"line":46},"3":{"name":"(anonymous_3)","decl":{"start":{"line":55,"column":12},"end":{"line":55,"column":13}},"loc":{"start":{"line":55,"column":29},"end":{"line":80,"column":13}},"line":55},"4":{"name":"(anonymous_4)","decl":{"start":{"line":65,"column":24},"end":{"line":65,"column":25}},"loc":{"start":{"line":65,"column":41},"end":{"line":70,"column":25}},"line":65},"5":{"name":"(anonymous_5)","decl":{"start":{"line":73,"column":24},"end":{"line":73,"column":25}},"loc":{"start":{"line":73,"column":38},"end":{"line":75,"column":25}},"line":73},"6":{"name":"(anonymous_6)","decl":{"start":{"line":81,"column":12},"end":{"line":81,"column":13}},"loc":{"start":{"line":81,"column":26},"end":{"line":83,"column":13}},"line":81},"7":{"name":"(anonymous_7)","decl":{"start":{"line":96,"column":25},"end":{"line":96,"column":26}},"loc":{"start":{"line":96,"column":45},"end":{"line":126,"column":5}},"line":96},"8":{"name":"(anonymous_8)","decl":{"start":{"line":104,"column":12},"end":{"line":104,"column":13}},"loc":{"start":{"line":104,"column":29},"end":{"line":121,"column":13}},"line":104},"9":{"name":"(anonymous_9)","decl":{"start":{"line":111,"column":20},"end":{"line":111,"column":21}},"loc":{"start":{"line":111,"column":37},"end":{"line":114,"column":21}},"line":111},"10":{"name":"(anonymous_10)","decl":{"start":{"line":117,"column":20},"end":{"line":117,"column":21}},"loc":{"start":{"line":117,"column":34},"end":{"line":119,"column":21}},"line":117},"11":{"name":"(anonymous_11)","decl":{"start":{"line":121,"column":15},"end":{"line":121,"column":16}},"loc":{"start":{"line":121,"column":29},"end":{"line":123,"column":13}},"line":121},"12":{"name":"(anonymous_12)","decl":{"start":{"line":134,"column":24},"end":{"line":134,"column":25}},"loc":{"start":{"line":134,"column":38},"end":{"line":170,"column":5}},"line":134},"13":{"name":"(anonymous_13)","decl":{"start":{"line":143,"column":12},"end":{"line":143,"column":13}},"loc":{"start":{"line":143,"column":30},"end":{"line":164,"column":13}},"line":143},"14":{"name":"(anonymous_14)","decl":{"start":{"line":152,"column":24},"end":{"line":152,"column":25}},"loc":{"start":{"line":152,"column":41},"end":{"line":155,"column":25}},"line":152},"15":{"name":"(anonymous_15)","decl":{"start":{"line":158,"column":24},"end":{"line":158,"column":25}},"loc":{"start":{"line":158,"column":38},"end":{"line":160,"column":25}},"line":158},"16":{"name":"(anonymous_16)","decl":{"start":{"line":165,"column":12},"end":{"line":165,"column":13}},"loc":{"start":{"line":165,"column":27},"end":{"line":167,"column":13}},"line":165},"17":{"name":"(anonymous_17)","decl":{"start":{"line":178,"column":22},"end":{"line":178,"column":23}},"loc":{"start":{"line":178,"column":42},"end":{"line":199,"column":5}},"line":178},"18":{"name":"(anonymous_18)","decl":{"start":{"line":186,"column":12},"end":{"line":186,"column":13}},"loc":{"start":{"line":186,"column":30},"end":{"line":189,"column":13}},"line":186},"19":{"name":"(anonymous_19)","decl":{"start":{"line":192,"column":12},"end":{"line":192,"column":13}},"loc":{"start":{"line":192,"column":27},"end":{"line":195,"column":13}},"line":192},"20":{"name":"(anonymous_20)","decl":{"start":{"line":207,"column":29},"end":{"line":207,"column":30}},"loc":{"start":{"line":207,"column":35},"end":{"line":223,"column":5}},"line":207},"21":{"name":"(anonymous_21)","decl":{"start":{"line":213,"column":12},"end":{"line":213,"column":13}},"loc":{"start":{"line":213,"column":29},"end":{"line":216,"column":13}},"line":213},"22":{"name":"(anonymous_22)","decl":{"start":{"line":218,"column":12},"end":{"line":218,"column":13}},"loc":{"start":{"line":218,"column":25},"end":{"line":220,"column":13}},"line":218},"23":{"name":"(anonymous_23)","decl":{"start":{"line":225,"column":31},"end":{"line":225,"column":32}},"loc":{"start":{"line":225,"column":79},"end":{"line":237,"column":5}},"line":225},"24":{"name":"(anonymous_24)","decl":{"start":{"line":228,"column":12},"end":{"line":228,"column":13}},"loc":{"start":{"line":228,"column":30},"end":{"line":231,"column":13}},"line":228},"25":{"name":"(anonymous_25)","decl":{"start":{"line":232,"column":12},"end":{"line":232,"column":13}},"loc":{"start":{"line":232,"column":27},"end":{"line":235,"column":13}},"line":232},"26":{"name":"(anonymous_26)","decl":{"start":{"line":239,"column":28},"end":{"line":239,"column":29}},"loc":{"start":{"line":239,"column":34},"end":{"line":285,"column":5}},"line":239},"27":{"name":"(anonymous_27)","decl":{"start":{"line":244,"column":12},"end":{"line":244,"column":13}},"loc":{"start":{"line":244,"column":29},"end":{"line":279,"column":13}},"line":244},"28":{"name":"(anonymous_28)","decl":{"start":{"line":251,"column":24},"end":{"line":251,"column":25}},"loc":{"start":{"line":251,"column":42},"end":{"line":273,"column":25}},"line":251},"29":{"name":"(anonymous_29)","decl":{"start":{"line":261,"column":36},"end":{"line":261,"column":37}},"loc":{"start":{"line":261,"column":53},"end":{"line":264,"column":37}},"line":261},"30":{"name":"(anonymous_30)","decl":{"start":{"line":267,"column":36},"end":{"line":267,"column":37}},"loc":{"start":{"line":267,"column":50},"end":{"line":269,"column":37}},"line":267},"31":{"name":"(anonymous_31)","decl":{"start":{"line":274,"column":24},"end":{"line":274,"column":25}},"loc":{"start":{"line":274,"column":39},"end":{"line":276,"column":25}},"line":274},"32":{"name":"(anonymous_32)","decl":{"start":{"line":281,"column":12},"end":{"line":281,"column":13}},"loc":{"start":{"line":281,"column":25},"end":{"line":283,"column":13}},"line":281},"33":{"name":"(anonymous_33)","decl":{"start":{"line":290,"column":4},"end":{"line":290,"column":5}},"loc":{"start":{"line":290,"column":13},"end":{"line":346,"column":5}},"line":290},"34":{"name":"(anonymous_34)","decl":{"start":{"line":309,"column":29},"end":{"line":309,"column":30}},"loc":{"start":{"line":309,"column":35},"end":{"line":309,"column":92}},"line":309},"35":{"name":"(anonymous_35)","decl":{"start":{"line":315,"column":29},"end":{"line":315,"column":30}},"loc":{"start":{"line":315,"column":35},"end":{"line":315,"column":71}},"line":315},"36":{"name":"(anonymous_36)","decl":{"start":{"line":321,"column":29},"end":{"line":321,"column":30}},"loc":{"start":{"line":321,"column":35},"end":{"line":321,"column":69}},"line":321},"37":{"name":"(anonymous_37)","decl":{"start":{"line":327,"column":29},"end":{"line":327,"column":30}},"loc":{"start":{"line":327,"column":35},"end":{"line":327,"column":57}},"line":327},"38":{"name":"(anonymous_38)","decl":{"start":{"line":333,"column":29},"end":{"line":333,"column":30}},"loc":{"start":{"line":333,"column":35},"end":{"line":333,"column":93}},"line":333},"39":{"name":"(anonymous_39)","decl":{"start":{"line":339,"column":29},"end":{"line":339,"column":30}},"loc":{"start":{"line":339,"column":35},"end":{"line":339,"column":56}},"line":339}},"branchMap":{"0":{"loc":{"start":{"line":57,"column":16},"end":{"line":79,"column":17}},"type":"if","locations":[{"start":{"line":57,"column":16},"end":{"line":79,"column":17}},{"start":{"line":57,"column":16},"end":{"line":79,"column":17}}],"line":57},"1":{"loc":{"start":{"line":145,"column":16},"end":{"line":163,"column":17}},"type":"if","locations":[{"start":{"line":145,"column":16},"end":{"line":163,"column":17}},{"start":{"line":145,"column":16},"end":{"line":163,"column":17}}],"line":145},"2":{"loc":{"start":{"line":253,"column":28},"end":{"line":272,"column":29}},"type":"if","locations":[{"start":{"line":253,"column":28},"end":{"line":272,"column":29}},{"start":{"line":253,"column":28},"end":{"line":272,"column":29}}],"line":253}},"s":{"0":0,"1":0,"2":0,"3":0,"4":0,"5":2,"6":1,"7":1,"8":1,"9":1,"10":1,"11":1,"12":1,"13":1,"14":1,"15":1,"16":1,"17":0,"18":0,"19":0,"20":1,"21":2,"22":2,"23":2,"24":2,"25":2,"26":2,"27":2,"28":2,"29":0,"30":0,"31":2,"32":2,"33":1,"34":1,"35":1,"36":1,"37":1,"38":1,"39":1,"40":1,"41":1,"42":0,"43":0,"44":1,"45":2,"46":1,"47":1,"48":1,"49":1,"50":0,"51":0,"52":1,"53":2,"54":1,"55":1,"56":1,"57":1,"58":0,"59":1,"60":2,"61":1,"62":1,"63":1,"64":0,"65":0,"66":2,"67":1,"68":1,"69":0,"70":0,"71":0,"72":0,"73":0,"74":0,"75":0,"76":0,"77":0,"78":0,"79":0,"80":0,"81":0,"82":0,"83":0,"84":0,"85":0,"86":0,"87":0,"88":0,"89":0,"90":0,"91":2},"f":{"0":0,"1":0,"2":1,"3":1,"4":1,"5":0,"6":0,"7":2,"8":2,"9":2,"10":0,"11":0,"12":1,"13":1,"14":1,"15":0,"16":0,"17":1,"18":1,"19":0,"20":1,"21":1,"22":0,"23":1,"24":1,"25":0,"26":1,"27":0,"28":0,"29":0,"30":0,"31":0,"32":0,"33":0,"34":0,"35":0,"36":0,"37":0,"38":0,"39":0},"b":{"0":[1,0],"1":[1,0],"2":[0,0]},"_coverageSchema":"43e27e138ebf9cfc5966b082cf9a028302ed4184","hash":"d2d5a57507e5be9d395afadae23ea80ccd4cb438"}
,"D:\\jetset\\JetSetApp\\app\\resources\\SendData.js": {"path":"D:\\jetset\\JetSetApp\\app\\resources\\SendData.js","statementMap":{"0":{"start":{"line":7,"column":27},"end":{"line":41,"column":5}},"1":{"start":{"line":10,"column":26},"end":{"line":10,"column":85}},"2":{"start":{"line":11,"column":8},"end":{"line":40,"column":9}},"3":{"start":{"line":15,"column":16},"end":{"line":17,"column":19}},"4":{"start":{"line":16,"column":20},"end":{"line":16,"column":81}},"5":{"start":{"line":19,"column":16},"end":{"line":33,"column":17}},"6":{"start":{"line":22,"column":24},"end":{"line":22,"column":63}},"7":{"start":{"line":24,"column":43},"end":{"line":28,"column":25}},"8":{"start":{"line":31,"column":24},"end":{"line":31,"column":63}},"9":{"start":{"line":38,"column":16},"end":{"line":38,"column":33}}},"fnMap":{"0":{"name":"(anonymous_0)","decl":{"start":{"line":7,"column":27},"end":{"line":7,"column":28}},"loc":{"start":{"line":7,"column":33},"end":{"line":41,"column":5}},"line":7},"1":{"name":"(anonymous_1)","decl":{"start":{"line":13,"column":12},"end":{"line":13,"column":13}},"loc":{"start":{"line":13,"column":29},"end":{"line":35,"column":13}},"line":13},"2":{"name":"(anonymous_2)","decl":{"start":{"line":15,"column":31},"end":{"line":15,"column":32}},"loc":{"start":{"line":15,"column":55},"end":{"line":17,"column":17}},"line":15},"3":{"name":"(anonymous_3)","decl":{"start":{"line":20,"column":20},"end":{"line":20,"column":21}},"loc":{"start":{"line":20,"column":38},"end":{"line":32,"column":21}},"line":20},"4":{"name":"(anonymous_4)","decl":{"start":{"line":37,"column":12},"end":{"line":37,"column":13}},"loc":{"start":{"line":37,"column":25},"end":{"line":39,"column":13}},"line":37}},"branchMap":{},"s":{"0":1,"1":1,"2":1,"3":1,"4":0,"5":0,"6":0,"7":0,"8":0,"9":0},"f":{"0":1,"1":1,"2":0,"3":0,"4":0},"b":{},"_coverageSchema":"43e27e138ebf9cfc5966b082cf9a028302ed4184","hash":"d2e5a97d07abccf32e8da935bbd1b65f7c2d81ab"}
,"D:\\jetset\\JetSetApp\\app\\resources\\Styles.js": {"path":"D:\\jetset\\JetSetApp\\app\\resources\\Styles.js","statementMap":{"0":{"start":{"line":3,"column":21},"end":{"line":3,"column":30}},"1":{"start":{"line":5,"column":13},"end":{"line":135,"column":2}},"2":{"start":{"line":137,"column":0},"end":{"line":137,"column":24}}},"fnMap":{},"branchMap":{},"s":{"0":2,"1":2,"2":2},"f":{},"b":{},"_coverageSchema":"43e27e138ebf9cfc5966b082cf9a028302ed4184","hash":"fdb19947d328d525406f1251f7d438246ab8b899"}
,"D:\\jetset\\JetSetApp\\app\\resources\\SurveyAnswersParse.js": {"path":"D:\\jetset\\JetSetApp\\app\\resources\\SurveyAnswersParse.js","statementMap":{"0":{"start":{"line":12,"column":34},"end":{"line":58,"column":1}},"1":{"start":{"line":13,"column":23},"end":{"line":13,"column":25}},"2":{"start":{"line":14,"column":28},"end":{"line":14,"column":30}},"3":{"start":{"line":17,"column":4},"end":{"line":25,"column":7}},"4":{"start":{"line":18,"column":8},"end":{"line":24,"column":9}},"5":{"start":{"line":19,"column":12},"end":{"line":19,"column":51}},"6":{"start":{"line":21,"column":12},"end":{"line":23,"column":13}},"7":{"start":{"line":22,"column":16},"end":{"line":22,"column":60}},"8":{"start":{"line":27,"column":20},"end":{"line":27,"column":75}},"9":{"start":{"line":30,"column":4},"end":{"line":53,"column":7}},"10":{"start":{"line":31,"column":21},"end":{"line":31,"column":44}},"11":{"start":{"line":33,"column":8},"end":{"line":52,"column":9}},"12":{"start":{"line":34,"column":12},"end":{"line":36,"column":13}},"13":{"start":{"line":35,"column":16},"end":{"line":35,"column":41}},"14":{"start":{"line":48,"column":12},"end":{"line":48,"column":49}},"15":{"start":{"line":51,"column":12},"end":{"line":51,"column":41}},"16":{"start":{"line":55,"column":4},"end":{"line":55,"column":38}},"17":{"start":{"line":57,"column":4},"end":{"line":57,"column":21}},"18":{"start":{"line":60,"column":31},"end":{"line":74,"column":1}},"19":{"start":{"line":62,"column":20},"end":{"line":62,"column":40}},"20":{"start":{"line":65,"column":4},"end":{"line":69,"column":7}},"21":{"start":{"line":66,"column":8},"end":{"line":68,"column":9}},"22":{"start":{"line":67,"column":12},"end":{"line":67,"column":62}},"23":{"start":{"line":71,"column":4},"end":{"line":71,"column":38}},"24":{"start":{"line":73,"column":4},"end":{"line":73,"column":21}}},"fnMap":{"0":{"name":"(anonymous_0)","decl":{"start":{"line":12,"column":34},"end":{"line":12,"column":35}},"loc":{"start":{"line":12,"column":70},"end":{"line":58,"column":1}},"line":12},"1":{"name":"(anonymous_1)","decl":{"start":{"line":17,"column":28},"end":{"line":17,"column":29}},"loc":{"start":{"line":17,"column":47},"end":{"line":25,"column":5}},"line":17},"2":{"name":"(anonymous_2)","decl":{"start":{"line":30,"column":25},"end":{"line":30,"column":26}},"loc":{"start":{"line":30,"column":44},"end":{"line":53,"column":5}},"line":30},"3":{"name":"(anonymous_3)","decl":{"start":{"line":60,"column":31},"end":{"line":60,"column":32}},"loc":{"start":{"line":60,"column":52},"end":{"line":74,"column":1}},"line":60},"4":{"name":"(anonymous_4)","decl":{"start":{"line":65,"column":28},"end":{"line":65,"column":29}},"loc":{"start":{"line":65,"column":47},"end":{"line":69,"column":5}},"line":65}},"branchMap":{"0":{"loc":{"start":{"line":18,"column":8},"end":{"line":24,"column":9}},"type":"if","locations":[{"start":{"line":18,"column":8},"end":{"line":24,"column":9}},{"start":{"line":18,"column":8},"end":{"line":24,"column":9}}],"line":18},"1":{"loc":{"start":{"line":21,"column":12},"end":{"line":23,"column":13}},"type":"if","locations":[{"start":{"line":21,"column":12},"end":{"line":23,"column":13}},{"start":{"line":21,"column":12},"end":{"line":23,"column":13}}],"line":21},"2":{"loc":{"start":{"line":21,"column":16},"end":{"line":21,"column":92}},"type":"binary-expr","locations":[{"start":{"line":21,"column":16},"end":{"line":21,"column":52}},{"start":{"line":21,"column":56},"end":{"line":21,"column":92}}],"line":21},"3":{"loc":{"start":{"line":33,"column":8},"end":{"line":52,"column":9}},"type":"if","locations":[{"start":{"line":33,"column":8},"end":{"line":52,"column":9}},{"start":{"line":33,"column":8},"end":{"line":52,"column":9}}],"line":33},"4":{"loc":{"start":{"line":34,"column":12},"end":{"line":36,"column":13}},"type":"if","locations":[{"start":{"line":34,"column":12},"end":{"line":36,"column":13}},{"start":{"line":34,"column":12},"end":{"line":36,"column":13}}],"line":34},"5":{"loc":{"start":{"line":66,"column":8},"end":{"line":68,"column":9}},"type":"if","locations":[{"start":{"line":66,"column":8},"end":{"line":68,"column":9}},{"start":{"line":66,"column":8},"end":{"line":68,"column":9}}],"line":66}},"s":{"0":2,"1":1,"2":1,"3":1,"4":4,"5":0,"6":0,"7":0,"8":1,"9":1,"10":0,"11":0,"12":0,"13":0,"14":0,"15":0,"16":1,"17":1,"18":2,"19":1,"20":1,"21":4,"22":0,"23":1,"24":1},"f":{"0":1,"1":4,"2":0,"3":1,"4":4},"b":{"0":[0,4],"1":[0,0],"2":[0,0],"3":[0,0],"4":[0,0],"5":[0,4]},"_coverageSchema":"43e27e138ebf9cfc5966b082cf9a028302ed4184","hash":"5d8fecf0cf32746e7de16d0f3df54d880e665b98"}
,"D:\\jetset\\JetSetApp\\app\\screens\\HomeScreen.js": {"path":"D:\\jetset\\JetSetApp\\app\\screens\\HomeScreen.js","statementMap":{"0":{"start":{"line":11,"column":15},"end":{"line":11,"column":17}},"1":{"start":{"line":15,"column":31},"end":{"line":25,"column":5}},"2":{"start":{"line":16,"column":8},"end":{"line":24,"column":10}},"3":{"start":{"line":28,"column":8},"end":{"line":28,"column":21}},"4":{"start":{"line":29,"column":8},"end":{"line":29,"column":40}},"5":{"start":{"line":33,"column":8},"end":{"line":33,"column":83}},"6":{"start":{"line":33,"column":42},"end":{"line":33,"column":75}},"7":{"start":{"line":36,"column":8},"end":{"line":36,"column":37}},"8":{"start":{"line":40,"column":31},"end":{"line":40,"column":41}},"9":{"start":{"line":42,"column":8},"end":{"line":48,"column":9}},"10":{"start":{"line":44,"column":16},"end":{"line":44,"column":46}},"11":{"start":{"line":50,"column":27},"end":{"line":50,"column":29}},"12":{"start":{"line":51,"column":24},"end":{"line":51,"column":26}},"13":{"start":{"line":53,"column":8},"end":{"line":73,"column":9}},"14":{"start":{"line":54,"column":33},"end":{"line":54,"column":67}},"15":{"start":{"line":55,"column":29},"end":{"line":55,"column":53}},"16":{"start":{"line":59,"column":12},"end":{"line":63,"column":14}},"17":{"start":{"line":60,"column":16},"end":{"line":62,"column":17}},"18":{"start":{"line":61,"column":20},"end":{"line":61,"column":46}},"19":{"start":{"line":65,"column":28},"end":{"line":65,"column":67}},"20":{"start":{"line":66,"column":33},"end":{"line":66,"column":106}},"21":{"start":{"line":67,"column":33},"end":{"line":67,"column":87}},"22":{"start":{"line":69,"column":12},"end":{"line":69,"column":98}},"23":{"start":{"line":70,"column":12},"end":{"line":70,"column":75}},"24":{"start":{"line":79,"column":8},"end":{"line":128,"column":9}},"25":{"start":{"line":80,"column":12},"end":{"line":102,"column":24}},"26":{"start":{"line":83,"column":39},"end":{"line":83,"column":108}},"27":{"start":{"line":90,"column":39},"end":{"line":90,"column":104}},"28":{"start":{"line":97,"column":39},"end":{"line":97,"column":105}},"29":{"start":{"line":105,"column":12},"end":{"line":127,"column":24}},"30":{"start":{"line":108,"column":39},"end":{"line":108,"column":102}},"31":{"start":{"line":115,"column":39},"end":{"line":115,"column":98}},"32":{"start":{"line":122,"column":39},"end":{"line":122,"column":99}},"33":{"start":{"line":131,"column":8},"end":{"line":156,"column":10}},"34":{"start":{"line":148,"column":39},"end":{"line":148,"column":76}}},"fnMap":{"0":{"name":"(anonymous_0)","decl":{"start":{"line":15,"column":31},"end":{"line":15,"column":32}},"loc":{"start":{"line":15,"column":37},"end":{"line":25,"column":5}},"line":15},"1":{"name":"(anonymous_1)","decl":{"start":{"line":27,"column":4},"end":{"line":27,"column":5}},"loc":{"start":{"line":27,"column":23},"end":{"line":30,"column":5}},"line":27},"2":{"name":"(anonymous_2)","decl":{"start":{"line":32,"column":4},"end":{"line":32,"column":5}},"loc":{"start":{"line":32,"column":24},"end":{"line":34,"column":5}},"line":32},"3":{"name":"(anonymous_3)","decl":{"start":{"line":33,"column":36},"end":{"line":33,"column":37}},"loc":{"start":{"line":33,"column":42},"end":{"line":33,"column":75}},"line":33},"4":{"name":"(anonymous_4)","decl":{"start":{"line":35,"column":4},"end":{"line":35,"column":5}},"loc":{"start":{"line":35,"column":27},"end":{"line":37,"column":5}},"line":35},"5":{"name":"(anonymous_5)","decl":{"start":{"line":39,"column":4},"end":{"line":39,"column":5}},"loc":{"start":{"line":39,"column":13},"end":{"line":157,"column":5}},"line":39},"6":{"name":"(anonymous_6)","decl":{"start":{"line":43,"column":12},"end":{"line":43,"column":13}},"loc":{"start":{"line":43,"column":30},"end":{"line":45,"column":13}},"line":43},"7":{"name":"(anonymous_7)","decl":{"start":{"line":46,"column":12},"end":{"line":46,"column":13}},"loc":{"start":{"line":46,"column":27},"end":{"line":47,"column":13}},"line":46},"8":{"name":"(anonymous_8)","decl":{"start":{"line":59,"column":31},"end":{"line":59,"column":32}},"loc":{"start":{"line":59,"column":43},"end":{"line":63,"column":13}},"line":59},"9":{"name":"(anonymous_9)","decl":{"start":{"line":83,"column":33},"end":{"line":83,"column":34}},"loc":{"start":{"line":83,"column":39},"end":{"line":83,"column":108}},"line":83},"10":{"name":"(anonymous_10)","decl":{"start":{"line":90,"column":33},"end":{"line":90,"column":34}},"loc":{"start":{"line":90,"column":39},"end":{"line":90,"column":104}},"line":90},"11":{"name":"(anonymous_11)","decl":{"start":{"line":97,"column":33},"end":{"line":97,"column":34}},"loc":{"start":{"line":97,"column":39},"end":{"line":97,"column":105}},"line":97},"12":{"name":"(anonymous_12)","decl":{"start":{"line":108,"column":33},"end":{"line":108,"column":34}},"loc":{"start":{"line":108,"column":39},"end":{"line":108,"column":102}},"line":108},"13":{"name":"(anonymous_13)","decl":{"start":{"line":115,"column":33},"end":{"line":115,"column":34}},"loc":{"start":{"line":115,"column":39},"end":{"line":115,"column":98}},"line":115},"14":{"name":"(anonymous_14)","decl":{"start":{"line":122,"column":33},"end":{"line":122,"column":34}},"loc":{"start":{"line":122,"column":39},"end":{"line":122,"column":99}},"line":122},"15":{"name":"(anonymous_15)","decl":{"start":{"line":148,"column":33},"end":{"line":148,"column":34}},"loc":{"start":{"line":148,"column":39},"end":{"line":148,"column":76}},"line":148}},"branchMap":{"0":{"loc":{"start":{"line":60,"column":16},"end":{"line":62,"column":17}},"type":"if","locations":[{"start":{"line":60,"column":16},"end":{"line":62,"column":17}},{"start":{"line":60,"column":16},"end":{"line":62,"column":17}}],"line":60},"1":{"loc":{"start":{"line":79,"column":8},"end":{"line":128,"column":9}},"type":"if","locations":[{"start":{"line":79,"column":8},"end":{"line":128,"column":9}},{"start":{"line":79,"column":8},"end":{"line":128,"column":9}}],"line":79},"2":{"loc":{"start":{"line":79,"column":12},"end":{"line":79,"column":83}},"type":"binary-expr","locations":[{"start":{"line":79,"column":12},"end":{"line":79,"column":30}},{"start":{"line":79,"column":34},"end":{"line":79,"column":83}}],"line":79}},"s":{"0":1,"1":1,"2":0,"3":1,"4":1,"5":1,"6":0,"7":0,"8":1,"9":1,"10":0,"11":1,"12":1,"13":1,"14":1,"15":0,"16":0,"17":0,"18":0,"19":0,"20":0,"21":0,"22":0,"23":0,"24":1,"25":0,"26":0,"27":0,"28":0,"29":1,"30":0,"31":0,"32":0,"33":1,"34":0},"f":{"0":0,"1":1,"2":1,"3":0,"4":0,"5":1,"6":0,"7":0,"8":0,"9":0,"10":0,"11":0,"12":0,"13":0,"14":0,"15":0},"b":{"0":[0,0],"1":[0,1],"2":[1,0]},"_coverageSchema":"43e27e138ebf9cfc5966b082cf9a028302ed4184","hash":"adf8abc57e6bde39024d4ea2f85dfa01f8d3d960"}
,"D:\\jetset\\JetSetApp\\app\\screens\\SurveyCompletedScreen.js": {"path":"D:\\jetset\\JetSetApp\\app\\screens\\SurveyCompletedScreen.js","statementMap":{"0":{"start":{"line":10,"column":31},"end":{"line":21,"column":5}},"1":{"start":{"line":11,"column":8},"end":{"line":20,"column":10}},"2":{"start":{"line":24,"column":8},"end":{"line":24,"column":47}},"3":{"start":{"line":28,"column":29},"end":{"line":28,"column":50}},"4":{"start":{"line":29,"column":22},"end":{"line":29,"column":69}},"5":{"start":{"line":30,"column":32},"end":{"line":30,"column":81}},"6":{"start":{"line":31,"column":8},"end":{"line":31,"column":66}},"7":{"start":{"line":33,"column":31},"end":{"line":33,"column":75}},"8":{"start":{"line":39,"column":8},"end":{"line":50,"column":9}},"9":{"start":{"line":40,"column":12},"end":{"line":40,"column":58}},"10":{"start":{"line":41,"column":12},"end":{"line":41,"column":46}},"11":{"start":{"line":43,"column":12},"end":{"line":43,"column":60}},"12":{"start":{"line":45,"column":12},"end":{"line":45,"column":57}},"13":{"start":{"line":46,"column":12},"end":{"line":46,"column":67}},"14":{"start":{"line":47,"column":28},"end":{"line":47,"column":60}},"15":{"start":{"line":49,"column":12},"end":{"line":49,"column":77}},"16":{"start":{"line":52,"column":8},"end":{"line":62,"column":10}}},"fnMap":{"0":{"name":"(anonymous_0)","decl":{"start":{"line":10,"column":31},"end":{"line":10,"column":32}},"loc":{"start":{"line":10,"column":37},"end":{"line":21,"column":5}},"line":10},"1":{"name":"(anonymous_1)","decl":{"start":{"line":23,"column":4},"end":{"line":23,"column":5}},"loc":{"start":{"line":23,"column":24},"end":{"line":25,"column":5}},"line":23},"2":{"name":"(anonymous_2)","decl":{"start":{"line":27,"column":4},"end":{"line":27,"column":5}},"loc":{"start":{"line":27,"column":13},"end":{"line":63,"column":5}},"line":27}},"branchMap":{"0":{"loc":{"start":{"line":39,"column":8},"end":{"line":50,"column":9}},"type":"if","locations":[{"start":{"line":39,"column":8},"end":{"line":50,"column":9}},{"start":{"line":39,"column":8},"end":{"line":50,"column":9}}],"line":39}},"s":{"0":1,"1":0,"2":0,"3":1,"4":0,"5":0,"6":0,"7":0,"8":0,"9":0,"10":0,"11":0,"12":0,"13":0,"14":0,"15":0,"16":0},"f":{"0":0,"1":0,"2":1},"b":{"0":[0,0]},"_coverageSchema":"43e27e138ebf9cfc5966b082cf9a028302ed4184","hash":"d445771b7597827b2e85b00176a3adc306b9e286"}
,"D:\\jetset\\JetSetApp\\assets\\usydlogo.png": {"path":"D:\\jetset\\JetSetApp\\assets\\usydlogo.png","statementMap":{"0":{"start":{"line":1,"column":0},"end":{"line":1,"column":19}}},"fnMap":{},"branchMap":{},"s":{"0":1},"f":{},"b":{},"_coverageSchema":"43e27e138ebf9cfc5966b082cf9a028302ed4184","hash":"319a673c0bed293886a6ce2220760cd889d8b949"}
}
