TN:
SF:D:\jetset\JetSetApp\app\resources\FlightData.js
FNF:0
FNH:0
DA:1,1
LF:1
LH:1
BRF:0
BRH:0
end_of_record
TN:
SF:D:\jetset\JetSetApp\app\resources\SaveData.js
FN:27,(anonymous_0)
FN:36,(anonymous_1)
FN:46,(anonymous_2)
FN:55,(anonymous_3)
FN:65,(anonymous_4)
FN:73,(anonymous_5)
FN:81,(anonymous_6)
FN:96,(anonymous_7)
FN:104,(anonymous_8)
FN:111,(anonymous_9)
FN:117,(anonymous_10)
FN:121,(anonymous_11)
FN:134,(anonymous_12)
FN:143,(anonymous_13)
FN:152,(anonymous_14)
FN:158,(anonymous_15)
FN:165,(anonymous_16)
FN:178,(anonymous_17)
FN:186,(anonymous_18)
FN:192,(anonymous_19)
FN:207,(anonymous_20)
FN:213,(anonymous_21)
FN:218,(anonymous_22)
FN:225,(anonymous_23)
FN:228,(anonymous_24)
FN:232,(anonymous_25)
FN:239,(anonymous_26)
FN:244,(anonymous_27)
FN:251,(anonymous_28)
FN:261,(anonymous_29)
FN:267,(anonymous_30)
FN:274,(anonymous_31)
FN:281,(anonymous_32)
FN:290,(anonymous_33)
FN:309,(anonymous_34)
FN:315,(anonymous_35)
FN:321,(anonymous_36)
FN:327,(anonymous_37)
FN:333,(anonymous_38)
FN:339,(anonymous_39)
FNF:40
FNH:16
FNDA:0,(anonymous_0)
FNDA:0,(anonymous_1)
FNDA:1,(anonymous_2)
FNDA:1,(anonymous_3)
FNDA:1,(anonymous_4)
FNDA:0,(anonymous_5)
FNDA:0,(anonymous_6)
FNDA:2,(anonymous_7)
FNDA:2,(anonymous_8)
FNDA:2,(anonymous_9)
FNDA:0,(anonymous_10)
FNDA:0,(anonymous_11)
FNDA:1,(anonymous_12)
FNDA:1,(anonymous_13)
FNDA:1,(anonymous_14)
FNDA:0,(anonymous_15)
FNDA:0,(anonymous_16)
FNDA:1,(anonymous_17)
FNDA:1,(anonymous_18)
FNDA:0,(anonymous_19)
FNDA:1,(anonymous_20)
FNDA:1,(anonymous_21)
FNDA:0,(anonymous_22)
FNDA:1,(anonymous_23)
FNDA:1,(anonymous_24)
FNDA:0,(anonymous_25)
FNDA:1,(anonymous_26)
FNDA:0,(anonymous_27)
FNDA:0,(anonymous_28)
FNDA:0,(anonymous_29)
FNDA:0,(anonymous_30)
FNDA:0,(anonymous_31)
FNDA:0,(anonymous_32)
FNDA:0,(anonymous_33)
FNDA:0,(anonymous_34)
FNDA:0,(anonymous_35)
FNDA:0,(anonymous_36)
FNDA:0,(anonymous_37)
FNDA:0,(anonymous_38)
FNDA:0,(anonymous_39)
DA:17,0
DA:27,0
DA:28,0
DA:36,0
DA:37,0
DA:46,2
DA:49,1
DA:52,1
DA:54,1
DA:56,1
DA:57,1
DA:60,1
DA:62,1
DA:66,1
DA:67,1
DA:68,1
DA:69,1
DA:74,0
DA:78,0
DA:82,0
DA:85,1
DA:96,2
DA:99,2
DA:102,2
DA:103,2
DA:107,2
DA:108,2
DA:112,2
DA:113,2
DA:118,0
DA:122,0
DA:125,2
DA:134,2
DA:137,1
DA:140,1
DA:142,1
DA:144,1
DA:145,1
DA:148,1
DA:149,1
DA:153,1
DA:154,1
DA:159,0
DA:166,0
DA:169,1
DA:178,2
DA:181,1
DA:184,1
DA:187,1
DA:188,1
DA:193,0
DA:194,0
DA:198,1
DA:207,2
DA:210,1
DA:211,1
DA:214,1
DA:215,1
DA:219,0
DA:222,1
DA:225,2
DA:227,1
DA:229,1
DA:230,1
DA:233,0
DA:234,0
DA:239,2
DA:241,1
DA:242,1
DA:245,0
DA:246,0
DA:247,0
DA:248,0
DA:250,0
DA:252,0
DA:253,0
DA:256,0
DA:258,0
DA:262,0
DA:263,0
DA:268,0
DA:275,0
DA:282,0
DA:291,0
DA:309,0
DA:315,0
DA:321,0
DA:327,0
DA:333,0
DA:339,0
DA:352,2
LF:91
LH:53
BRDA:57,0,0,1
BRDA:57,0,1,0
BRDA:145,1,0,1
BRDA:145,1,1,0
BRDA:253,2,0,0
BRDA:253,2,1,0
BRF:6
BRH:2
end_of_record
TN:
SF:D:\jetset\JetSetApp\app\resources\SendData.js
FN:7,(anonymous_0)
FN:13,(anonymous_1)
FN:15,(anonymous_2)
FN:20,(anonymous_3)
FN:37,(anonymous_4)
FNF:5
FNH:2
FNDA:1,(anonymous_0)
FNDA:1,(anonymous_1)
FNDA:0,(anonymous_2)
FNDA:0,(anonymous_3)
FNDA:0,(anonymous_4)
DA:7,1
DA:10,1
DA:11,1
DA:15,1
DA:16,0
DA:19,0
DA:22,0
DA:24,0
DA:31,0
DA:38,0
LF:10
LH:4
BRF:0
BRH:0
end_of_record
TN:
SF:D:\jetset\JetSetApp\app\resources\Styles.js
FNF:0
FNH:0
DA:3,2
DA:5,2
DA:137,2
LF:3
LH:3
BRF:0
BRH:0
end_of_record
TN:
SF:D:\jetset\JetSetApp\app\resources\SurveyAnswersParse.js
FN:12,(anonymous_0)
FN:17,(anonymous_1)
FN:30,(anonymous_2)
FN:60,(anonymous_3)
FN:65,(anonymous_4)
FNF:5
FNH:4
FNDA:1,(anonymous_0)
FNDA:4,(anonymous_1)
FNDA:0,(anonymous_2)
FNDA:1,(anonymous_3)
FNDA:4,(anonymous_4)
DA:12,2
DA:13,1
DA:14,1
DA:17,1
DA:18,4
DA:19,0
DA:21,0
DA:22,0
DA:27,1
DA:30,1
DA:31,0
DA:33,0
DA:34,0
DA:35,0
DA:48,0
DA:51,0
DA:55,1
DA:57,1
DA:60,2
DA:62,1
DA:65,1
DA:66,4
DA:67,0
DA:71,1
DA:73,1
LF:25
LH:15
BRDA:18,0,0,0
BRDA:18,0,1,4
BRDA:21,1,0,0
BRDA:21,1,1,0
BRDA:21,2,0,0
BRDA:21,2,1,0
BRDA:33,3,0,0
BRDA:33,3,1,0
BRDA:34,4,0,0
BRDA:34,4,1,0
BRDA:66,5,0,0
BRDA:66,5,1,4
BRF:12
BRH:2
end_of_record
TN:
SF:D:\jetset\JetSetApp\app\screens\HomeScreen.js
FN:15,(anonymous_0)
FN:27,(anonymous_1)
FN:32,(anonymous_2)
FN:33,(anonymous_3)
FN:35,(anonymous_4)
FN:39,(anonymous_5)
FN:43,(anonymous_6)
FN:46,(anonymous_7)
FN:59,(anonymous_8)
FN:83,(anonymous_9)
FN:90,(anonymous_10)
FN:97,(anonymous_11)
FN:108,(anonymous_12)
FN:115,(anonymous_13)
FN:122,(anonymous_14)
FN:148,(anonymous_15)
FNF:16
FNH:3
FNDA:0,(anonymous_0)
FNDA:1,(anonymous_1)
FNDA:1,(anonymous_2)
FNDA:0,(anonymous_3)
FNDA:0,(anonymous_4)
FNDA:1,(anonymous_5)
FNDA:0,(anonymous_6)
FNDA:0,(anonymous_7)
FNDA:0,(anonymous_8)
FNDA:0,(anonymous_9)
FNDA:0,(anonymous_10)
FNDA:0,(anonymous_11)
FNDA:0,(anonymous_12)
FNDA:0,(anonymous_13)
FNDA:0,(anonymous_14)
FNDA:0,(anonymous_15)
DA:11,1
DA:15,1
DA:16,0
DA:28,1
DA:29,1
DA:33,1
DA:36,0
DA:40,1
DA:42,1
DA:44,0
DA:50,1
DA:51,1
DA:53,1
DA:54,1
DA:55,0
DA:59,0
DA:60,0
DA:61,0
DA:65,0
DA:66,0
DA:67,0
DA:69,0
DA:70,0
DA:79,1
DA:80,0
DA:83,0
DA:90,0
DA:97,0
DA:105,1
DA:108,0
DA:115,0
DA:122,0
DA:131,1
DA:148,0
LF:34
LH:14
BRDA:60,0,0,0
BRDA:60,0,1,0
BRDA:79,1,0,0
BRDA:79,1,1,1
BRDA:79,2,0,1
BRDA:79,2,1,0
BRF:6
BRH:2
end_of_record
TN:
SF:D:\jetset\JetSetApp\app\screens\SurveyCompletedScreen.js
FN:10,(anonymous_0)
FN:23,(anonymous_1)
FN:27,(anonymous_2)
FNF:3
FNH:1
FNDA:0,(anonymous_0)
FNDA:0,(anonymous_1)
FNDA:1,(anonymous_2)
DA:10,1
DA:11,0
DA:24,0
DA:28,1
DA:29,0
DA:30,0
DA:31,0
DA:33,0
DA:39,0
DA:40,0
DA:41,0
DA:43,0
DA:45,0
DA:46,0
DA:47,0
DA:49,0
DA:52,0
LF:17
LH:2
BRDA:39,0,0,0
BRDA:39,0,1,0
BRF:2
BRH:0
end_of_record
TN:
SF:D:\jetset\JetSetApp\assets\usydlogo.png
FNF:0
FNH:0
DA:1,1
LF:1
LH:1
BRF:0
BRH:0
end_of_record
